<?xml version="1.0" encoding="UTF-8"?>
<testsuite xmlns:xsi="http://www.w3.org/2001/XMLSchema-instance" xsi:noNamespaceSchemaLocation="https://maven.apache.org/surefire/maven-surefire-plugin/xsd/surefire-test-report-3.0.xsd" version="3.0" name="org.example.testRunner.Runners" time="617.057" tests="19" errors="0" skipped="0" failures="3">
  <properties>
[...]
</properties>
  <testcase name="runScenario[&quot;guest user could register with valid data successfully&quot;, &quot;F01_Register | users could register with new accounts&quot;](1)" classname="org.example.testRunner.Runners" time="106.701">
    <system-out><![CDATA[Your registration completed
]]></system-out>
    <system-err><![CDATA[SLF4J: Failed to load class "org.slf4j.impl.StaticLoggerBinder".
SLF4J: Defaulting to no-operation (NOP) logger implementation
SLF4J: See http://www.slf4j.org/codes.html#StaticLoggerBinder for further details.
Starting ChromeDriver 103.0.5060.134 (8ec6fce403b3feb0869b0732eda8bd95011d333c-refs/branch-heads/5060@{#1262}) on port 55759
Only local connections are allowed.
Please see https://chromedriver.chromium.org/security-considerations for suggestions on keeping ChromeDriver safe.
ChromeDriver was started successfully.
[1659216475.611][WARNING]: Timed out connecting to Chrome, retrying...
Jul 30, 2022 11:28:13 PM org.openqa.selenium.remote.ProtocolHandshake createSession
INFO: Detected upstream dialect: W3C
Jul 30, 2022 11:28:13 PM org.openqa.selenium.devtools.CdpVersionFinder findNearestMatch
INFO: Found exact CDP implementation for version 103
]]></system-err>
  </testcase>
  <testcase name="runScenario[&quot;user could login with valid email and password&quot;, &quot;F02_Login | users could use login functionality to use their accounts&quot;](2)" classname="org.example.testRunner.Runners" time="68.465">
    <system-out><![CDATA[https://demo.nopcommerce.com/
]]></system-out>
    <system-err><![CDATA[Starting ChromeDriver 103.0.5060.134 (8ec6fce403b3feb0869b0732eda8bd95011d333c-refs/branch-heads/5060@{#1262}) on port 57267
Only local connections are allowed.
Please see https://chromedriver.chromium.org/security-considerations for suggestions on keeping ChromeDriver safe.
ChromeDriver was started successfully.
Jul 30, 2022 11:29:50 PM org.openqa.selenium.remote.ProtocolHandshake createSession
INFO: Detected upstream dialect: W3C
Jul 30, 2022 11:29:50 PM org.openqa.selenium.devtools.CdpVersionFinder findNearestMatch
INFO: Found exact CDP implementation for version 103
]]></system-err>
  </testcase>
  <testcase name="runScenario[&quot;user could login with invalid email and password&quot;, &quot;F02_Login | users could use login functionality to use their accounts&quot;](3)" classname="org.example.testRunner.Runners" time="31.978">
    <system-out><![CDATA[Login was unsuccessful. Please correct the errors and try again.
No customer account found
]]></system-out>
    <system-err><![CDATA[Starting ChromeDriver 103.0.5060.134 (8ec6fce403b3feb0869b0732eda8bd95011d333c-refs/branch-heads/5060@{#1262}) on port 59351
Only local connections are allowed.
Please see https://chromedriver.chromium.org/security-considerations for suggestions on keeping ChromeDriver safe.
ChromeDriver was started successfully.
Jul 30, 2022 11:30:21 PM org.openqa.selenium.remote.ProtocolHandshake createSession
INFO: Detected upstream dialect: W3C
Jul 30, 2022 11:30:21 PM org.openqa.selenium.devtools.CdpVersionFinder findNearestMatch
INFO: Found exact CDP implementation for version 103
]]></system-err>
  </testcase>
  <testcase name="runScenario[&quot;User could switch between currencies US-Euro&quot;, &quot;F03  User could search home page products using Euro currency&quot;](4)" classname="org.example.testRunner.Runners" time="29.351">
    <system-err><![CDATA[Starting ChromeDriver 103.0.5060.134 (8ec6fce403b3feb0869b0732eda8bd95011d333c-refs/branch-heads/5060@{#1262}) on port 50679
Only local connections are allowed.
Please see https://chromedriver.chromium.org/security-considerations for suggestions on keeping ChromeDriver safe.
ChromeDriver was started successfully.
Jul 30, 2022 11:30:49 PM org.openqa.selenium.remote.ProtocolHandshake createSession
INFO: Detected upstream dialect: W3C
Jul 30, 2022 11:30:49 PM org.openqa.selenium.devtools.CdpVersionFinder findNearestMatch
INFO: Found exact CDP implementation for version 103
]]></system-err>
  </testcase>
  <testcase name="runScenario[&quot;1 user could search using product name&quot;, &quot;F04 User could search for any product&quot;](5)" classname="org.example.testRunner.Runners" time="16.861">
    <system-out><![CDATA[https://demo.nopcommerce.com/
]]></system-out>
    <system-err><![CDATA[Starting ChromeDriver 103.0.5060.134 (8ec6fce403b3feb0869b0732eda8bd95011d333c-refs/branch-heads/5060@{#1262}) on port 55831
Only local connections are allowed.
Please see https://chromedriver.chromium.org/security-considerations for suggestions on keeping ChromeDriver safe.
ChromeDriver was started successfully.
Jul 30, 2022 11:31:16 PM org.openqa.selenium.remote.ProtocolHandshake createSession
INFO: Detected upstream dialect: W3C
Jul 30, 2022 11:31:16 PM org.openqa.selenium.devtools.CdpVersionFinder findNearestMatch
INFO: Found exact CDP implementation for version 103
]]></system-err>
  </testcase>
  <testcase name="runScenario[&quot;1 user could search using product name&quot;, &quot;F04 User could search for any product&quot;](6)" classname="org.example.testRunner.Runners" time="24.452">
    <system-out><![CDATA[https://demo.nopcommerce.com/
]]></system-out>
    <system-err><![CDATA[Starting ChromeDriver 103.0.5060.134 (8ec6fce403b3feb0869b0732eda8bd95011d333c-refs/branch-heads/5060@{#1262}) on port 54962
Only local connections are allowed.
Please see https://chromedriver.chromium.org/security-considerations for suggestions on keeping ChromeDriver safe.
ChromeDriver was started successfully.
Jul 30, 2022 11:31:34 PM org.openqa.selenium.remote.ProtocolHandshake createSession
INFO: Detected upstream dialect: W3C
Jul 30, 2022 11:31:34 PM org.openqa.selenium.devtools.CdpVersionFinder findNearestMatch
INFO: Found exact CDP implementation for version 103
]]></system-err>
  </testcase>
  <testcase name="runScenario[&quot;1 user could search using product name&quot;, &quot;F04 User could search for any product&quot;](7)" classname="org.example.testRunner.Runners" time="17.354">
    <system-out><![CDATA[https://demo.nopcommerce.com/
]]></system-out>
    <system-err><![CDATA[Starting ChromeDriver 103.0.5060.134 (8ec6fce403b3feb0869b0732eda8bd95011d333c-refs/branch-heads/5060@{#1262}) on port 60347
Only local connections are allowed.
Please see https://chromedriver.chromium.org/security-considerations for suggestions on keeping ChromeDriver safe.
ChromeDriver was started successfully.
Jul 30, 2022 11:31:56 PM org.openqa.selenium.remote.ProtocolHandshake createSession
INFO: Detected upstream dialect: W3C
Jul 30, 2022 11:31:56 PM org.openqa.selenium.devtools.CdpVersionFinder findNearestMatch
INFO: Found exact CDP implementation for version 103
]]></system-err>
  </testcase>
  <testcase name="runScenario[&quot;2	user could search for product using sku&quot;, &quot;F04 User could search for any product&quot;](8)" classname="org.example.testRunner.Runners" time="25.576">
    <system-out><![CDATA[https://demo.nopcommerce.com/
actual  SKU: SCI_FAITH
expected  SCI_FAITH
]]></system-out>
    <system-err><![CDATA[Starting ChromeDriver 103.0.5060.134 (8ec6fce403b3feb0869b0732eda8bd95011d333c-refs/branch-heads/5060@{#1262}) on port 65414
Only local connections are allowed.
Please see https://chromedriver.chromium.org/security-considerations for suggestions on keeping ChromeDriver safe.
ChromeDriver was started successfully.
Jul 30, 2022 11:32:13 PM org.openqa.selenium.remote.ProtocolHandshake createSession
INFO: Detected upstream dialect: W3C
Jul 30, 2022 11:32:13 PM org.openqa.selenium.devtools.CdpVersionFinder findNearestMatch
INFO: Found exact CDP implementation for version 103
]]></system-err>
  </testcase>
  <testcase name="runScenario[&quot;2	user could search for product using sku&quot;, &quot;F04 User could search for any product&quot;](9)" classname="org.example.testRunner.Runners" time="30.937">
    <system-out><![CDATA[https://demo.nopcommerce.com/
actual  SKU: APPLE_CAM
expected  APPLE_CAM
]]></system-out>
    <system-err><![CDATA[Starting ChromeDriver 103.0.5060.134 (8ec6fce403b3feb0869b0732eda8bd95011d333c-refs/branch-heads/5060@{#1262}) on port 55327
Only local connections are allowed.
Please see https://chromedriver.chromium.org/security-considerations for suggestions on keeping ChromeDriver safe.
ChromeDriver was started successfully.
Jul 30, 2022 11:32:42 PM org.openqa.selenium.remote.ProtocolHandshake createSession
INFO: Detected upstream dialect: W3C
Jul 30, 2022 11:32:42 PM org.openqa.selenium.devtools.CdpVersionFinder findNearestMatch
INFO: Found exact CDP implementation for version 103
]]></system-err>
  </testcase>
  <testcase name="runScenario[&quot;2	user could search for product using sku&quot;, &quot;F04 User could search for any product&quot;](10)" classname="org.example.testRunner.Runners" time="27.613">
    <system-out><![CDATA[https://demo.nopcommerce.com/
actual  SKU: SF_PRO_11
expected  SF_PRO_11
]]></system-out>
    <system-err><![CDATA[Starting ChromeDriver 103.0.5060.134 (8ec6fce403b3feb0869b0732eda8bd95011d333c-refs/branch-heads/5060@{#1262}) on port 52520
Only local connections are allowed.
Please see https://chromedriver.chromium.org/security-considerations for suggestions on keeping ChromeDriver safe.
ChromeDriver was started successfully.
Jul 30, 2022 11:33:12 PM org.openqa.selenium.remote.ProtocolHandshake createSession
INFO: Detected upstream dialect: W3C
Jul 30, 2022 11:33:12 PM org.openqa.selenium.devtools.CdpVersionFinder findNearestMatch
INFO: Found exact CDP implementation for version 103
]]></system-err>
  </testcase>
  <testcase name="runScenario[&quot;user could hover categories&quot;, &quot;F05  user could hover categories and select sub Category&quot;](11)" classname="org.example.testRunner.Runners" time="19.515">
    <system-out><![CDATA[7
The selected main category name is : apparel
shoes
clothing
accessories
The selected sub category count is  3
The selected sub category name is  accessories
Sub Category Title is :accessories
]]></system-out>
    <system-err><![CDATA[Starting ChromeDriver 103.0.5060.134 (8ec6fce403b3feb0869b0732eda8bd95011d333c-refs/branch-heads/5060@{#1262}) on port 64038
Only local connections are allowed.
Please see https://chromedriver.chromium.org/security-considerations for suggestions on keeping ChromeDriver safe.
ChromeDriver was started successfully.
Jul 30, 2022 11:33:37 PM org.openqa.selenium.remote.ProtocolHandshake createSession
INFO: Detected upstream dialect: W3C
Jul 30, 2022 11:33:37 PM org.openqa.selenium.devtools.CdpVersionFinder findNearestMatch
INFO: Found exact CDP implementation for version 103
]]></system-err>
  </testcase>
  <testcase name="runScenario[&quot;2:  first slider is clickable on home page&quot;, &quot;F06_user could select home page sliders&quot;](12)" classname="org.example.testRunner.Runners" time="27.387">
    <failure message="expected [https://demo.nopcommerce.com/nokia-lumia-1020] but found [https://demo.nopcommerce.com/]" type="java.lang.AssertionError"><![CDATA[java.lang.AssertionError: expected [https://demo.nopcommerce.com/nokia-lumia-1020] but found [https://demo.nopcommerce.com/]
	at org.testng.Assert.fail(Assert.java:110)
	at org.testng.Assert.failNotEquals(Assert.java:1413)
	at org.testng.Assert.assertEqualsImpl(Assert.java:149)
	at org.testng.Assert.assertEquals(Assert.java:131)
	at org.testng.Assert.assertEquals(Assert.java:655)
	at org.testng.Assert.assertEquals(Assert.java:665)
	at org.example.pages.P03_homePage.getFirstSliderProductUrl(P03_homePage.java:163)
	at org.example.stepDefs.D06_homeSlidersStepDef.user_go_first_product_page(D06_homeSlidersStepDef.java:23)
	at ✽.user go to first product page(file:///C:/Users/maoza/IdeaProjects/demonopcommerce/src/main/resources/features/F06_homeSliders.feature:6)
]]></failure>
    <system-out><![CDATA[1

@smoke
Scenario: guest user could register with valid data successfully &amp#27;[90m# src/main/resources/features/F01_Register.feature:4&amp#27;[0m
  &amp#27;[32mGiven &amp#27;[0m&amp#27;[32muser go to register page&amp#27;[0m                                 &amp#27;[90m# org.example.stepDefs.D01_registerStepDef.user_go_to_register_page()&amp#27;[0m
  &amp#27;[32mWhen &amp#27;[0m&amp#27;[32muser select gender type&amp#27;[0m                                   &amp#27;[90m# org.example.stepDefs.D01_registerStepDef.gender()&amp#27;[0m
  &amp#27;[32mAnd &amp#27;[0m&amp#27;[32muser enter first name "&amp#27;[0m&amp#27;[32m&amp#27;[1mautomation&amp#27;[0m&amp#27;[32m" and last name "&amp#27;[0m&amp#27;[32m&amp#27;[1mtester&amp#27;[0m&amp#27;[32m"&amp#27;[0m  &amp#27;[90m# org.example.stepDefs.D01_registerStepDef.first_last_name(java.lang.String,java.lang.String)&amp#27;[0m
  &amp#27;[32mAnd &amp#27;[0m&amp#27;[32muser enter date of birth&amp#27;[0m                                   &amp#27;[90m# org.example.stepDefs.D01_registerStepDef.user_enter_date_of_birth()&amp#27;[0m
  &amp#27;[32mAnd &amp#27;[0m&amp#27;[32muser enter email "&amp#27;[0m&amp#27;[32m&amp#27;[1mtest@example.com&amp#27;[0m&amp#27;[32m" field&amp#27;[0m                  &amp#27;[90m# org.example.stepDefs.D01_registerStepDef.user_enter_email(java.lang.String)&amp#27;[0m
  &amp#27;[32mAnd &amp#27;[0m&amp#27;[32muser fills Password fields "&amp#27;[0m&amp#27;[32m&amp#27;[1mP@ssw0rd&amp#27;[0m&amp#27;[32m" "&amp#27;[0m&amp#27;[32m&amp#27;[1mP@ssw0rd&amp#27;[0m&amp#27;[32m"&amp#27;[0m           &amp#27;[90m# org.example.stepDefs.D01_registerStepDef.fills_password_fields(java.lang.String,java.lang.String)&amp#27;[0m
  &amp#27;[32mAnd &amp#27;[0m&amp#27;[32muser clicks on register button&amp#27;[0m                             &amp#27;[90m# org.example.stepDefs.D01_registerStepDef.user_clicks_on_register_button()&amp#27;[0m
  &amp#27;[32mThen &amp#27;[0m&amp#27;[32msuccess message is displayed&amp#27;[0m                              &amp#27;[90m# org.example.stepDefs.D01_registerStepDef.Success_message_displayed()&amp#27;[0m

@smoke
Scenario: user could login with valid email and password         &amp#27;[90m# src/main/resources/features/F02_Login.feature:3&amp#27;[0m
  &amp#27;[32mGiven &amp#27;[0m&amp#27;[32muser go to login page&amp#27;[0m                                    &amp#27;[90m# org.example.stepDefs.D02_loginStepDef.user_go_to_login_page()&amp#27;[0m
  &amp#27;[32mWhen &amp#27;[0m&amp#27;[32muser login with "valid" "&amp#27;[0m&amp#27;[32m&amp#27;[1mtest@example.com&amp#27;[0m&amp#27;[32m" and "&amp#27;[0m&amp#27;[32m&amp#27;[1mP@ssw0rd&amp#27;[0m&amp#27;[32m"&amp#27;[0m &amp#27;[90m# org.example.stepDefs.D02_loginStepDef.validLogin(java.lang.String,java.lang.String)&amp#27;[0m
  &amp#27;[32mAnd &amp#27;[0m&amp#27;[32muser press on login button&amp#27;[0m                                 &amp#27;[90m# org.example.stepDefs.D02_loginStepDef.logBtn()&amp#27;[0m
  &amp#27;[32mThen &amp#27;[0m&amp#27;[32muser login to the system successfully&amp#27;[0m                     &amp#27;[90m# org.example.stepDefs.D02_loginStepDef.successLogin()&amp#27;[0m

@smoke
Scenario: user could login with invalid email and password         &amp#27;[90m# src/main/resources/features/F02_Login.feature:9&amp#27;[0m
  &amp#27;[32mGiven &amp#27;[0m&amp#27;[32muser go to login page&amp#27;[0m                                      &amp#27;[90m# org.example.stepDefs.D02_loginStepDef.user_go_to_login_page()&amp#27;[0m
  &amp#27;[32mWhen &amp#27;[0m&amp#27;[32muser login with "invalid" "&amp#27;[0m&amp#27;[32m&amp#27;[1mtest@example.com&amp#27;[0m&amp#27;[32m" and "&amp#27;[0m&amp#27;[32m&amp#27;[1mP@ssw0rd&amp#27;[0m&amp#27;[32m"&amp#27;[0m &amp#27;[90m# org.example.stepDefs.D02_loginStepDef.invalidLogin(java.lang.String,java.lang.String)&amp#27;[0m
  &amp#27;[32mAnd &amp#27;[0m&amp#27;[32muser press on login button&amp#27;[0m                                   &amp#27;[90m# org.example.stepDefs.D02_loginStepDef.logBtn()&amp#27;[0m
  &amp#27;[32mThen &amp#27;[0m&amp#27;[32muser could not login to the system&amp#27;[0m                          &amp#27;[90m# org.example.stepDefs.D02_loginStepDef.unSuccessLogin()&amp#27;[0m

@smoke
Scenario: User could switch between currencies US-Euro           &amp#27;[90m# src/main/resources/features/F03_currencies.feature:3&amp#27;[0m
  &amp#27;[32mWhen &amp#27;[0m&amp#27;[32muser select euro currency&amp#27;[0m                                 &amp#27;[90m# org.example.stepDefs.D03_currenciesStepDef.user_select_euro()&amp#27;[0m
  &amp#27;[32mThen &amp#27;[0m&amp#27;[32muser can find euro symbol displayed in home page products&amp#27;[0m &amp#27;[90m# org.example.stepDefs.D03_currenciesStepDef.euro_symbol()&amp#27;[0m

@smoke
Scenario Outline: 1 user could search using product name &amp#27;[90m# src/main/resources/features/F04_Search.feature:9&amp#27;[0m
  &amp#27;[32mWhen &amp#27;[0m&amp#27;[32muser clicks in search filed&amp#27;[0m                       &amp#27;[90m# org.example.stepDefs.D04_searchStepDef.user_clicks_search_field()&amp#27;[0m
  &amp#27;[32mAnd &amp#27;[0m&amp#27;[32muser Type product name as "&amp#27;[0m&amp#27;[32m&amp#27;[1mbook&amp#27;[0m&amp#27;[32m"&amp#27;[0m                   &amp#27;[90m# org.example.stepDefs.D04_searchStepDef.user_type_product_name(java.lang.String)&amp#27;[0m
  &amp#27;[32mThen &amp#27;[0m&amp#27;[32muser find relevant products&amp#27;[0m                       &amp#27;[90m# org.example.stepDefs.D04_searchStepDef.user_find_relevant_products()&amp#27;[0m

@smoke
Scenario Outline: 1 user could search using product name &amp#27;[90m# src/main/resources/features/F04_Search.feature:10&amp#27;[0m
  &amp#27;[32mWhen &amp#27;[0m&amp#27;[32muser clicks in search filed&amp#27;[0m                       &amp#27;[90m# org.example.stepDefs.D04_searchStepDef.user_clicks_search_field()&amp#27;[0m
  &amp#27;[32mAnd &amp#27;[0m&amp#27;[32muser Type product name as "&amp#27;[0m&amp#27;[32m&amp#27;[1mlaptop&amp#27;[0m&amp#27;[32m"&amp#27;[0m                 &amp#27;[90m# org.example.stepDefs.D04_searchStepDef.user_type_product_name(java.lang.String)&amp#27;[0m
  &amp#27;[32mThen &amp#27;[0m&amp#27;[32muser find relevant products&amp#27;[0m                       &amp#27;[90m# org.example.stepDefs.D04_searchStepDef.user_find_relevant_products()&amp#27;[0m

@smoke
Scenario Outline: 1 user could search using product name &amp#27;[90m# src/main/resources/features/F04_Search.feature:11&amp#27;[0m
  &amp#27;[32mWhen &amp#27;[0m&amp#27;[32muser clicks in search filed&amp#27;[0m                       &amp#27;[90m# org.example.stepDefs.D04_searchStepDef.user_clicks_search_field()&amp#27;[0m
  &amp#27;[32mAnd &amp#27;[0m&amp#27;[32muser Type product name as "&amp#27;[0m&amp#27;[32m&amp#27;[1mnike&amp#27;[0m&amp#27;[32m"&amp#27;[0m                   &amp#27;[90m# org.example.stepDefs.D04_searchStepDef.user_type_product_name(java.lang.String)&amp#27;[0m
  &amp#27;[32mThen &amp#27;[0m&amp#27;[32muser find relevant products&amp#27;[0m                       &amp#27;[90m# org.example.stepDefs.D04_searchStepDef.user_find_relevant_products()&amp#27;[0m

@smoke
Scenario Outline: 2	user could search for product using sku &amp#27;[90m# src/main/resources/features/F04_Search.feature:19&amp#27;[0m
  &amp#27;[32mWhen &amp#27;[0m&amp#27;[32muser clicks in search filed&amp#27;[0m                          &amp#27;[90m# org.example.stepDefs.D04_searchStepDef.user_clicks_search_field()&amp#27;[0m
  &amp#27;[32mAnd &amp#27;[0m&amp#27;[32muser Type product sku as "&amp#27;[0m&amp#27;[32m&amp#27;[1mSCI_FAITH&amp#27;[0m&amp#27;[32m"&amp#27;[0m                  &amp#27;[90m# org.example.stepDefs.D04_searchStepDef.user_type_product_sku(java.lang.String)&amp#27;[0m
  &amp#27;[32mThen &amp#27;[0m&amp#27;[32m"&amp#27;[0m&amp#27;[32m&amp#27;[1mSCI_FAITH&amp#27;[0m&amp#27;[32m" shown in result page&amp#27;[0m                     &amp#27;[90m# org.example.stepDefs.D04_searchStepDef.sku_shown_in_result_page(java.lang.String)&amp#27;[0m

@smoke
Scenario Outline: 2	user could search for product using sku &amp#27;[90m# src/main/resources/features/F04_Search.feature:20&amp#27;[0m
  &amp#27;[32mWhen &amp#27;[0m&amp#27;[32muser clicks in search filed&amp#27;[0m                          &amp#27;[90m# org.example.stepDefs.D04_searchStepDef.user_clicks_search_field()&amp#27;[0m
  &amp#27;[32mAnd &amp#27;[0m&amp#27;[32muser Type product sku as "&amp#27;[0m&amp#27;[32m&amp#27;[1mAPPLE_CAM&amp#27;[0m&amp#27;[32m"&amp#27;[0m                  &amp#27;[90m# org.example.stepDefs.D04_searchStepDef.user_type_product_sku(java.lang.String)&amp#27;[0m
  &amp#27;[32mThen &amp#27;[0m&amp#27;[32m"&amp#27;[0m&amp#27;[32m&amp#27;[1mAPPLE_CAM&amp#27;[0m&amp#27;[32m" shown in result page&amp#27;[0m                     &amp#27;[90m# org.example.stepDefs.D04_searchStepDef.sku_shown_in_result_page(java.lang.String)&amp#27;[0m

@smoke
Scenario Outline: 2	user could search for product using sku &amp#27;[90m# src/main/resources/features/F04_Search.feature:21&amp#27;[0m
  &amp#27;[32mWhen &amp#27;[0m&amp#27;[32muser clicks in search filed&amp#27;[0m                          &amp#27;[90m# org.example.stepDefs.D04_searchStepDef.user_clicks_search_field()&amp#27;[0m
  &amp#27;[32mAnd &amp#27;[0m&amp#27;[32muser Type product sku as "&amp#27;[0m&amp#27;[32m&amp#27;[1mSF_PRO_11&amp#27;[0m&amp#27;[32m"&amp#27;[0m                  &amp#27;[90m# org.example.stepDefs.D04_searchStepDef.user_type_product_sku(java.lang.String)&amp#27;[0m
  &amp#27;[32mThen &amp#27;[0m&amp#27;[32m"&amp#27;[0m&amp#27;[32m&amp#27;[1mSF_PRO_11&amp#27;[0m&amp#27;[32m" shown in result page&amp#27;[0m                     &amp#27;[90m# org.example.stepDefs.D04_searchStepDef.sku_shown_in_result_page(java.lang.String)&amp#27;[0m

@smoke
Scenario: user could hover categories                      &amp#27;[90m# src/main/resources/features/F05_hoverCategories.feature:3&amp#27;[0m
  &amp#27;[32mWhen &amp#27;[0m&amp#27;[32muser could hover categories and select sub Category&amp#27;[0m &amp#27;[90m# org.example.stepDefs.D05_hoverCategoriesStepDef.user_hover_categories()&amp#27;[0m

@smoke
Scenario: 2:  first slider is clickable on home page &amp#27;[90m# src/main/resources/features/F06_homeSliders.feature:3&amp#27;[0m
  &amp#27;[32mWhen &amp#27;[0m&amp#27;[32muser clicks on first slider&amp#27;[0m                   &amp#27;[90m# org.example.stepDefs.D06_homeSlidersStepDef.user_clicks_first_slider()&amp#27;[0m
  &amp#27;[32mAnd &amp#27;[0m&amp#27;[32muser select product of first slider&amp#27;[0m            &amp#27;[90m# org.example.stepDefs.D06_homeShttps://demo.nopcommerce.com/
]]></system-out>
    <system-err><![CDATA[Starting ChromeDriver 103.0.5060.134 (8ec6fce403b3feb0869b0732eda8bd95011d333c-refs/branch-heads/5060@{#1262}) on port 54284
Only local connections are allowed.
Please see https://chromedriver.chromium.org/security-considerations for suggestions on keeping ChromeDriver safe.
ChromeDriver was started successfully.
Jul 30, 2022 11:33:59 PM org.openqa.selenium.remote.ProtocolHandshake createSession
INFO: Detected upstream dialect: W3C
Jul 30, 2022 11:33:59 PM org.openqa.selenium.devtools.CdpVersionFinder findNearestMatch
INFO: Found exact CDP implementation for version 103
]]></system-err>
  </testcase>
  <testcase name="runScenario[&quot;2: second slider is clickable on home page&quot;, &quot;F06_user could select home page sliders&quot;](13)" classname="org.example.testRunner.Runners" time="18.128">
    <failure message="expected [https://demo.nopcommerce.com/iphone-6] but found [https://demo.nopcommerce.com/]" type="java.lang.AssertionError"><![CDATA[java.lang.AssertionError: expected [https://demo.nopcommerce.com/iphone-6] but found [https://demo.nopcommerce.com/]
	at org.testng.Assert.fail(Assert.java:110)
	at org.testng.Assert.failNotEquals(Assert.java:1413)
	at org.testng.Assert.assertEqualsImpl(Assert.java:149)
	at org.testng.Assert.assertEquals(Assert.java:131)
	at org.testng.Assert.assertEquals(Assert.java:655)
	at org.testng.Assert.assertEquals(Assert.java:665)
	at org.example.pages.P03_homePage.getSecondSliderProductUrl(P03_homePage.java:191)
	at org.example.stepDefs.D06_homeSlidersStepDef.user_go_second_product_page(D06_homeSlidersStepDef.java:38)
	at ✽.user go to second product page(file:///C:/Users/maoza/IdeaProjects/demonopcommerce/src/main/resources/features/F06_homeSliders.feature:11)
]]></failure>
    <system-out><![CDATA[2
https://demo.nopcommerce.com/
]]></system-out>
    <system-err><![CDATA[Starting ChromeDriver 103.0.5060.134 (8ec6fce403b3feb0869b0732eda8bd95011d333c-refs/branch-heads/5060@{#1262}) on port 54355
Only local connections are allowed.
Please see https://chromedriver.chromium.org/security-considerations for suggestions on keeping ChromeDriver safe.
ChromeDriver was started successfully.
Jul 30, 2022 11:34:27 PM org.openqa.selenium.remote.ProtocolHandshake createSession
INFO: Detected upstream dialect: W3C
Jul 30, 2022 11:34:27 PM org.openqa.selenium.devtools.CdpVersionFinder findNearestMatch
INFO: Found exact CDP implementation for version 103
]]></system-err>
  </testcase>
  <testcase name="runScenario[&quot;1:  user opens facebook link&quot;, &quot;F07_user could follow social media links&quot;](14)" classname="org.example.testRunner.Runners" time="38.053">
    <system-out><![CDATA[Facebook
https://www.facebook.com/nopCommerce
NopCommerce - Home | Facebook
]]></system-out>
    <system-err><![CDATA[Starting ChromeDriver 103.0.5060.134 (8ec6fce403b3feb0869b0732eda8bd95011d333c-refs/branch-heads/5060@{#1262}) on port 61743
Only local connections are allowed.
Please see https://chromedriver.chromium.org/security-considerations for suggestions on keeping ChromeDriver safe.
ChromeDriver was started successfully.
Jul 30, 2022 11:34:45 PM org.openqa.selenium.remote.ProtocolHandshake createSession
INFO: Detected upstream dialect: W3C
Jul 30, 2022 11:34:45 PM org.openqa.selenium.devtools.CdpVersionFinder findNearestMatch
INFO: Found exact CDP implementation for version 103
]]></system-err>
  </testcase>
  <testcase name="runScenario[&quot;2:  user opens twitter link&quot;, &quot;F07_user could follow social media links&quot;](15)" classname="org.example.testRunner.Runners" time="30.48">
    <system-out><![CDATA[Twitter
https://twitter.com/nopCommerce

]]></system-out>
    <system-err><![CDATA[Starting ChromeDriver 103.0.5060.134 (8ec6fce403b3feb0869b0732eda8bd95011d333c-refs/branch-heads/5060@{#1262}) on port 55317
Only local connections are allowed.
Please see https://chromedriver.chromium.org/security-considerations for suggestions on keeping ChromeDriver safe.
ChromeDriver was started successfully.
Jul 30, 2022 11:35:30 PM org.openqa.selenium.remote.ProtocolHandshake createSession
INFO: Detected upstream dialect: W3C
Jul 30, 2022 11:35:30 PM org.openqa.selenium.devtools.CdpVersionFinder findNearestMatch
INFO: Found exact CDP implementation for version 103
]]></system-err>
  </testcase>
  <testcase name="runScenario[&quot;3:  user opens rss link&quot;, &quot;F07_user could follow social media links&quot;](16)" classname="org.example.testRunner.Runners" time="15.055">
    <failure message="Index: 1, Size: 1" type="java.lang.IndexOutOfBoundsException"><![CDATA[java.lang.IndexOutOfBoundsException: Index: 1, Size: 1
	at java.util.ArrayList.rangeCheck(ArrayList.java:659)
	at java.util.ArrayList.get(ArrayList.java:435)
	at org.example.stepDefs.D07_followUsStepDef.rss_opened_in_new_tab(D07_followUsStepDef.java:66)
	at ✽.rss "https://demo.nopcommerce.com/new-online-store-is-open" is opened in new tab(file:///C:/Users/maoza/IdeaProjects/demonopcommerce/src/main/resources/features/F07_followUs.feature:17)
]]></failure>
    <system-out><![CDATA[RSS
]]></system-out>
    <system-err><![CDATA[Starting ChromeDriver 103.0.5060.134 (8ec6fce403b3feb0869b0732eda8bd95011d333c-refs/branch-heads/5060@{#1262}) on port 59580
Only local connections are allowed.
Please see https://chromedriver.chromium.org/security-considerations for suggestions on keeping ChromeDriver safe.
ChromeDriver was started successfully.
Jul 30, 2022 11:35:51 PM org.openqa.selenium.remote.ProtocolHandshake createSession
INFO: Detected upstream dialect: W3C
Jul 30, 2022 11:35:51 PM org.openqa.selenium.devtools.CdpVersionFinder findNearestMatch
INFO: Found exact CDP implementation for version 103
]]></system-err>
  </testcase>
  <testcase name="runScenario[&quot;4:  user opens youtube link&quot;, &quot;F07_user could follow social media links&quot;](17)" classname="org.example.testRunner.Runners" time="37.193">
    <system-out><![CDATA[YouTube
https://www.youtube.com/user/nopCommerce
nopCommerce - YouTube
]]></system-out>
    <system-err><![CDATA[Starting ChromeDriver 103.0.5060.134 (8ec6fce403b3feb0869b0732eda8bd95011d333c-refs/branch-heads/5060@{#1262}) on port 63473
Only local connections are allowed.
Please see https://chromedriver.chromium.org/security-considerations for suggestions on keeping ChromeDriver safe.
ChromeDriver was started successfully.
Jul 30, 2022 11:36:05 PM org.openqa.selenium.remote.ProtocolHandshake createSession
INFO: Detected upstream dialect: W3C
Jul 30, 2022 11:36:05 PM org.openqa.selenium.devtools.CdpVersionFinder findNearestMatch
INFO: Found exact CDP implementation for version 103
]]></system-err>
  </testcase>
  <testcase name="runScenario[&quot;success message is visible after adding product to wishlist&quot;, &quot;F08_user could add products to wishlist&quot;](18)" classname="org.example.testRunner.Runners" time="27.786">
    <system-out><![CDATA[Add to wishlist
actual color is : rgba(75, 176, 122, 1)
expected color is :#4bb07a
actual color is : rgba(75, 176, 122, 1)
expected color is :#4bb07a
]]></system-out>
    <system-err><![CDATA[Starting ChromeDriver 103.0.5060.134 (8ec6fce403b3feb0869b0732eda8bd95011d333c-refs/branch-heads/5060@{#1262}) on port 59847
Only local connections are allowed.
Please see https://chromedriver.chromium.org/security-considerations for suggestions on keeping ChromeDriver safe.
ChromeDriver was started successfully.
Jul 30, 2022 11:36:54 PM org.openqa.selenium.remote.ProtocolHandshake createSession
INFO: Detected upstream dialect: W3C
Jul 30, 2022 11:36:54 PM org.openqa.selenium.devtools.CdpVersionFinder findNearestMatch
INFO: Found exact CDP implementation for version 103
]]></system-err>
  </testcase>
  <testcase name="runScenario[&quot;added product is displayed in wishlist page&quot;, &quot;F08_user could add products to wishlist&quot;](19)" classname="org.example.testRunner.Runners" time="18.956">
    <system-out><![CDATA[Add to wishlist
actual color is : rgba(75, 176, 122, 1)
expected color is :#4bb07a
actual color is : rgba(75, 176, 122, 1)
expected color is :#4bb07a
1
]]></system-out>
    <system-err><![CDATA[Starting ChromeDriver 103.0.5060.134 (8ec6fce403b3feb0869b0732eda8bd95011d333c-refs/branch-heads/5060@{#1262}) on port 62150
Only local connections are allowed.
Please see https://chromedriver.chromium.org/security-considerations for suggestions on keeping ChromeDriver safe.
ChromeDriver was started successfully.
Jul 30, 2022 11:37:11 PM org.openqa.selenium.remote.ProtocolHandshake createSession
INFO: Detected upstream dialect: W3C
Jul 30, 2022 11:37:11 PM org.openqa.selenium.devtools.CdpVersionFinder findNearestMatch
INFO: Found exact CDP implementation for version 103
]]></system-err>
  </testcase>
</testsuite>