<?xml version="1.0" encoding="UTF-8"?>
<testng-results skipped="0" failed="3" ignored="0" total="19" passed="16">
  <reporter-output>
  </reporter-output>
  <suite name="Surefire suite" duration-ms="615217" started-at="2022-07-30T23:27:14 EET" finished-at="2022-07-30T23:37:30 EET">
    <groups>
      <group name="cucumber">
        <method signature="AbstractTestNGCucumberTests.runScenario(io.cucumber.testng.PickleWrapper,io.cucumber.testng.FeatureWrapper)[pri:0, instance:org.example.testRunner.Runners@7cbd213e]" name="runScenario" class="io.cucumber.testng.AbstractTestNGCucumberTests"/>
      </group> <!-- cucumber -->
    </groups>
    <test name="Surefire test" duration-ms="615217" started-at="2022-07-30T23:27:14 EET" finished-at="2022-07-30T23:37:30 EET">
      <class name="org.example.testRunner.Runners">
        <test-method status="PASS" signature="setUpClass(org.testng.ITestContext)[pri:0, instance:org.example.testRunner.Runners@7cbd213e]" name="setUpClass" is-config="true" duration-ms="1487" started-at="2022-07-30T23:27:14 EET" finished-at="2022-07-30T23:27:16 EET">
          <params>
            <param index="0">
              <value>
                <![CDATA[org.testng.TestRunner@9dc782d]]>
              </value>
            </param>
          </params>
          <reporter-output>
          </reporter-output>
        </test-method> <!-- setUpClass -->
        <test-method status="PASS" signature="runScenario(io.cucumber.testng.PickleWrapper,io.cucumber.testng.FeatureWrapper)[pri:0, instance:org.example.testRunner.Runners@7cbd213e]" name="runScenario" duration-ms="106700" started-at="2022-07-30T23:27:16 EET" description="Runs Cucumber Scenarios" data-provider="scenarios" finished-at="2022-07-30T23:29:03 EET">
          <params>
            <param index="0">
              <value>
                <![CDATA["guest user could register with valid data successfully"]]>
              </value>
            </param>
            <param index="1">
              <value>
                <![CDATA["F01_Register | users could register with new accounts"]]>
              </value>
            </param>
          </params>
          <reporter-output>
          </reporter-output>
        </test-method> <!-- runScenario -->
        <test-method status="PASS" signature="runScenario(io.cucumber.testng.PickleWrapper,io.cucumber.testng.FeatureWrapper)[pri:0, instance:org.example.testRunner.Runners@7cbd213e]" name="runScenario" duration-ms="68468" started-at="2022-07-30T23:29:03 EET" description="Runs Cucumber Scenarios" data-provider="scenarios" finished-at="2022-07-30T23:30:11 EET">
          <params>
            <param index="0">
              <value>
                <![CDATA["user could login with valid email and password"]]>
              </value>
            </param>
            <param index="1">
              <value>
                <![CDATA["F02_Login | users could use login functionality to use their accounts"]]>
              </value>
            </param>
          </params>
          <reporter-output>
          </reporter-output>
        </test-method> <!-- runScenario -->
        <test-method status="PASS" signature="runScenario(io.cucumber.testng.PickleWrapper,io.cucumber.testng.FeatureWrapper)[pri:0, instance:org.example.testRunner.Runners@7cbd213e]" name="runScenario" duration-ms="31978" started-at="2022-07-30T23:30:11 EET" description="Runs Cucumber Scenarios" data-provider="scenarios" finished-at="2022-07-30T23:30:43 EET">
          <params>
            <param index="0">
              <value>
                <![CDATA["user could login with invalid email and password"]]>
              </value>
            </param>
            <param index="1">
              <value>
                <![CDATA["F02_Login | users could use login functionality to use their accounts"]]>
              </value>
            </param>
          </params>
          <reporter-output>
          </reporter-output>
        </test-method> <!-- runScenario -->
        <test-method status="PASS" signature="runScenario(io.cucumber.testng.PickleWrapper,io.cucumber.testng.FeatureWrapper)[pri:0, instance:org.example.testRunner.Runners@7cbd213e]" name="runScenario" duration-ms="29351" started-at="2022-07-30T23:30:43 EET" description="Runs Cucumber Scenarios" data-provider="scenarios" finished-at="2022-07-30T23:31:12 EET">
          <params>
            <param index="0">
              <value>
                <![CDATA["User could switch between currencies US-Euro"]]>
              </value>
            </param>
            <param index="1">
              <value>
                <![CDATA["F03  User could search home page products using Euro currency"]]>
              </value>
            </param>
          </params>
          <reporter-output>
          </reporter-output>
        </test-method> <!-- runScenario -->
        <test-method status="PASS" signature="runScenario(io.cucumber.testng.PickleWrapper,io.cucumber.testng.FeatureWrapper)[pri:0, instance:org.example.testRunner.Runners@7cbd213e]" name="runScenario" duration-ms="16861" started-at="2022-07-30T23:31:12 EET" description="Runs Cucumber Scenarios" data-provider="scenarios" finished-at="2022-07-30T23:31:29 EET">
          <params>
            <param index="0">
              <value>
                <![CDATA["1 user could search using product name"]]>
              </value>
            </param>
            <param index="1">
              <value>
                <![CDATA["F04 User could search for any product"]]>
              </value>
            </param>
          </params>
          <reporter-output>
          </reporter-output>
        </test-method> <!-- runScenario -->
        <test-method status="PASS" signature="runScenario(io.cucumber.testng.PickleWrapper,io.cucumber.testng.FeatureWrapper)[pri:0, instance:org.example.testRunner.Runners@7cbd213e]" name="runScenario" duration-ms="24452" started-at="2022-07-30T23:31:29 EET" description="Runs Cucumber Scenarios" data-provider="scenarios" finished-at="2022-07-30T23:31:54 EET">
          <params>
            <param index="0">
              <value>
                <![CDATA["1 user could search using product name"]]>
              </value>
            </param>
            <param index="1">
              <value>
                <![CDATA["F04 User could search for any product"]]>
              </value>
            </param>
          </params>
          <reporter-output>
          </reporter-output>
        </test-method> <!-- runScenario -->
        <test-method status="PASS" signature="runScenario(io.cucumber.testng.PickleWrapper,io.cucumber.testng.FeatureWrapper)[pri:0, instance:org.example.testRunner.Runners@7cbd213e]" name="runScenario" duration-ms="17354" started-at="2022-07-30T23:31:54 EET" description="Runs Cucumber Scenarios" data-provider="scenarios" finished-at="2022-07-30T23:32:11 EET">
          <params>
            <param index="0">
              <value>
                <![CDATA["1 user could search using product name"]]>
              </value>
            </param>
            <param index="1">
              <value>
                <![CDATA["F04 User could search for any product"]]>
              </value>
            </param>
          </params>
          <reporter-output>
          </reporter-output>
        </test-method> <!-- runScenario -->
        <test-method status="PASS" signature="runScenario(io.cucumber.testng.PickleWrapper,io.cucumber.testng.FeatureWrapper)[pri:0, instance:org.example.testRunner.Runners@7cbd213e]" name="runScenario" duration-ms="25576" started-at="2022-07-30T23:32:11 EET" description="Runs Cucumber Scenarios" data-provider="scenarios" finished-at="2022-07-30T23:32:37 EET">
          <params>
            <param index="0">
              <value>
                <![CDATA["2user could search for product using sku"]]>
              </value>
            </param>
            <param index="1">
              <value>
                <![CDATA["F04 User could search for any product"]]>
              </value>
            </param>
          </params>
          <reporter-output>
          </reporter-output>
        </test-method> <!-- runScenario -->
        <test-method status="PASS" signature="runScenario(io.cucumber.testng.PickleWrapper,io.cucumber.testng.FeatureWrapper)[pri:0, instance:org.example.testRunner.Runners@7cbd213e]" name="runScenario" duration-ms="30937" started-at="2022-07-30T23:32:37 EET" description="Runs Cucumber Scenarios" data-provider="scenarios" finished-at="2022-07-30T23:33:08 EET">
          <params>
            <param index="0">
              <value>
                <![CDATA["2user could search for product using sku"]]>
              </value>
            </param>
            <param index="1">
              <value>
                <![CDATA["F04 User could search for any product"]]>
              </value>
            </param>
          </params>
          <reporter-output>
          </reporter-output>
        </test-method> <!-- runScenario -->
        <test-method status="PASS" signature="runScenario(io.cucumber.testng.PickleWrapper,io.cucumber.testng.FeatureWrapper)[pri:0, instance:org.example.testRunner.Runners@7cbd213e]" name="runScenario" duration-ms="27613" started-at="2022-07-30T23:33:08 EET" description="Runs Cucumber Scenarios" data-provider="scenarios" finished-at="2022-07-30T23:33:35 EET">
          <params>
            <param index="0">
              <value>
                <![CDATA["2user could search for product using sku"]]>
              </value>
            </param>
            <param index="1">
              <value>
                <![CDATA["F04 User could search for any product"]]>
              </value>
            </param>
          </params>
          <reporter-output>
          </reporter-output>
        </test-method> <!-- runScenario -->
        <test-method status="PASS" signature="runScenario(io.cucumber.testng.PickleWrapper,io.cucumber.testng.FeatureWrapper)[pri:0, instance:org.example.testRunner.Runners@7cbd213e]" name="runScenario" duration-ms="19516" started-at="2022-07-30T23:33:35 EET" description="Runs Cucumber Scenarios" data-provider="scenarios" finished-at="2022-07-30T23:33:55 EET">
          <params>
            <param index="0">
              <value>
                <![CDATA["user could hover categories"]]>
              </value>
            </param>
            <param index="1">
              <value>
                <![CDATA["F05  user could hover categories and select sub Category"]]>
              </value>
            </param>
          </params>
          <reporter-output>
          </reporter-output>
        </test-method> <!-- runScenario -->
        <test-method status="FAIL" signature="runScenario(io.cucumber.testng.PickleWrapper,io.cucumber.testng.FeatureWrapper)[pri:0, instance:org.example.testRunner.Runners@7cbd213e]" name="runScenario" duration-ms="27387" started-at="2022-07-30T23:33:55 EET" description="Runs Cucumber Scenarios" data-provider="scenarios" finished-at="2022-07-30T23:34:22 EET">
          <params>
            <param index="0">
              <value>
                <![CDATA["2:  first slider is clickable on home page"]]>
              </value>
            </param>
            <param index="1">
              <value>
                <![CDATA["F06_user could select home page sliders"]]>
              </value>
            </param>
          </params>
          <exception class="java.lang.AssertionError">
            <message>
              <![CDATA[expected [https://demo.nopcommerce.com/nokia-lumia-1020] but found [https://demo.nopcommerce.com/]]]>
            </message>
            <full-stacktrace>
              <![CDATA[java.lang.AssertionError: expected [https://demo.nopcommerce.com/nokia-lumia-1020] but found [https://demo.nopcommerce.com/]
at org.testng.Assert.fail(Assert.java:110)
at org.testng.Assert.failNotEquals(Assert.java:1413)
at org.testng.Assert.assertEqualsImpl(Assert.java:149)
at org.testng.Assert.assertEquals(Assert.java:131)
at org.testng.Assert.assertEquals(Assert.java:655)
at org.testng.Assert.assertEquals(Assert.java:665)
at org.example.pages.P03_homePage.getFirstSliderProductUrl(P03_homePage.java:163)
at org.example.stepDefs.D06_homeSlidersStepDef.user_go_first_product_page(D06_homeSlidersStepDef.java:23)
at ✽.user go to first product page(file:///C:/Users/maoza/IdeaProjects/demonopcommerce/src/main/resources/features/F06_homeSliders.feature:6)
]]>
            </full-stacktrace>
          </exception> <!-- java.lang.AssertionError -->
          <reporter-output>
          </reporter-output>
        </test-method> <!-- runScenario -->
        <test-method status="FAIL" signature="runScenario(io.cucumber.testng.PickleWrapper,io.cucumber.testng.FeatureWrapper)[pri:0, instance:org.example.testRunner.Runners@7cbd213e]" name="runScenario" duration-ms="18128" started-at="2022-07-30T23:34:22 EET" description="Runs Cucumber Scenarios" data-provider="scenarios" finished-at="2022-07-30T23:34:40 EET">
          <params>
            <param index="0">
              <value>
                <![CDATA["2: second slider is clickable on home page"]]>
              </value>
            </param>
            <param index="1">
              <value>
                <![CDATA["F06_user could select home page sliders"]]>
              </value>
            </param>
          </params>
          <exception class="java.lang.AssertionError">
            <message>
              <![CDATA[expected [https://demo.nopcommerce.com/iphone-6] but found [https://demo.nopcommerce.com/]]]>
            </message>
            <full-stacktrace>
              <![CDATA[java.lang.AssertionError: expected [https://demo.nopcommerce.com/iphone-6] but found [https://demo.nopcommerce.com/]
at org.testng.Assert.fail(Assert.java:110)
at org.testng.Assert.failNotEquals(Assert.java:1413)
at org.testng.Assert.assertEqualsImpl(Assert.java:149)
at org.testng.Assert.assertEquals(Assert.java:131)
at org.testng.Assert.assertEquals(Assert.java:655)
at org.testng.Assert.assertEquals(Assert.java:665)
at org.example.pages.P03_homePage.getSecondSliderProductUrl(P03_homePage.java:191)
at org.example.stepDefs.D06_homeSlidersStepDef.user_go_second_product_page(D06_homeSlidersStepDef.java:38)
at ✽.user go to second product page(file:///C:/Users/maoza/IdeaProjects/demonopcommerce/src/main/resources/features/F06_homeSliders.feature:11)
]]>
            </full-stacktrace>
          </exception> <!-- java.lang.AssertionError -->
          <reporter-output>
          </reporter-output>
        </test-method> <!-- runScenario -->
        <test-method status="PASS" signature="runScenario(io.cucumber.testng.PickleWrapper,io.cucumber.testng.FeatureWrapper)[pri:0, instance:org.example.testRunner.Runners@7cbd213e]" name="runScenario" duration-ms="38053" started-at="2022-07-30T23:34:40 EET" description="Runs Cucumber Scenarios" data-provider="scenarios" finished-at="2022-07-30T23:35:18 EET">
          <params>
            <param index="0">
              <value>
                <![CDATA["1:  user opens facebook link"]]>
              </value>
            </param>
            <param index="1">
              <value>
                <![CDATA["F07_user could follow social media links"]]>
              </value>
            </param>
          </params>
          <reporter-output>
          </reporter-output>
        </test-method> <!-- runScenario -->
        <test-method status="PASS" signature="runScenario(io.cucumber.testng.PickleWrapper,io.cucumber.testng.FeatureWrapper)[pri:0, instance:org.example.testRunner.Runners@7cbd213e]" name="runScenario" duration-ms="30480" started-at="2022-07-30T23:35:18 EET" description="Runs Cucumber Scenarios" data-provider="scenarios" finished-at="2022-07-30T23:35:49 EET">
          <params>
            <param index="0">
              <value>
                <![CDATA["2:  user opens twitter link"]]>
              </value>
            </param>
            <param index="1">
              <value>
                <![CDATA["F07_user could follow social media links"]]>
              </value>
            </param>
          </params>
          <reporter-output>
          </reporter-output>
        </test-method> <!-- runScenario -->
        <test-method status="FAIL" signature="runScenario(io.cucumber.testng.PickleWrapper,io.cucumber.testng.FeatureWrapper)[pri:0, instance:org.example.testRunner.Runners@7cbd213e]" name="runScenario" duration-ms="15055" started-at="2022-07-30T23:35:49 EET" description="Runs Cucumber Scenarios" data-provider="scenarios" finished-at="2022-07-30T23:36:04 EET">
          <params>
            <param index="0">
              <value>
                <![CDATA["3:  user opens rss link"]]>
              </value>
            </param>
            <param index="1">
              <value>
                <![CDATA["F07_user could follow social media links"]]>
              </value>
            </param>
          </params>
          <exception class="java.lang.IndexOutOfBoundsException">
            <message>
              <![CDATA[Index: 1, Size: 1]]>
            </message>
            <full-stacktrace>
              <![CDATA[java.lang.IndexOutOfBoundsException: Index: 1, Size: 1
at java.util.ArrayList.rangeCheck(ArrayList.java:659)
at java.util.ArrayList.get(ArrayList.java:435)
at org.example.stepDefs.D07_followUsStepDef.rss_opened_in_new_tab(D07_followUsStepDef.java:66)
at ✽.rss "https://demo.nopcommerce.com/new-online-store-is-open" is opened in new tab(file:///C:/Users/maoza/IdeaProjects/demonopcommerce/src/main/resources/features/F07_followUs.feature:17)
]]>
            </full-stacktrace>
          </exception> <!-- java.lang.IndexOutOfBoundsException -->
          <reporter-output>
          </reporter-output>
        </test-method> <!-- runScenario -->
        <test-method status="PASS" signature="runScenario(io.cucumber.testng.PickleWrapper,io.cucumber.testng.FeatureWrapper)[pri:0, instance:org.example.testRunner.Runners@7cbd213e]" name="runScenario" duration-ms="37193" started-at="2022-07-30T23:36:04 EET" description="Runs Cucumber Scenarios" data-provider="scenarios" finished-at="2022-07-30T23:36:41 EET">
          <params>
            <param index="0">
              <value>
                <![CDATA["4:  user opens youtube link"]]>
              </value>
            </param>
            <param index="1">
              <value>
                <![CDATA["F07_user could follow social media links"]]>
              </value>
            </param>
          </params>
          <reporter-output>
          </reporter-output>
        </test-method> <!-- runScenario -->
        <test-method status="PASS" signature="runScenario(io.cucumber.testng.PickleWrapper,io.cucumber.testng.FeatureWrapper)[pri:0, instance:org.example.testRunner.Runners@7cbd213e]" name="runScenario" duration-ms="27786" started-at="2022-07-30T23:36:41 EET" description="Runs Cucumber Scenarios" data-provider="scenarios" finished-at="2022-07-30T23:37:09 EET">
          <params>
            <param index="0">
              <value>
                <![CDATA["success message is visible after adding product to wishlist"]]>
              </value>
            </param>
            <param index="1">
              <value>
                <![CDATA["F08_user could add products to wishlist"]]>
              </value>
            </param>
          </params>
          <reporter-output>
          </reporter-output>
        </test-method> <!-- runScenario -->
        <test-method status="PASS" signature="runScenario(io.cucumber.testng.PickleWrapper,io.cucumber.testng.FeatureWrapper)[pri:0, instance:org.example.testRunner.Runners@7cbd213e]" name="runScenario" duration-ms="18956" started-at="2022-07-30T23:37:09 EET" description="Runs Cucumber Scenarios" data-provider="scenarios" finished-at="2022-07-30T23:37:28 EET">
          <params>
            <param index="0">
              <value>
                <![CDATA["added product is displayed in wishlist page"]]>
              </value>
            </param>
            <param index="1">
              <value>
                <![CDATA["F08_user could add products to wishlist"]]>
              </value>
            </param>
          </params>
          <reporter-output>
          </reporter-output>
        </test-method> <!-- runScenario -->
        <test-method status="PASS" signature="tearDownClass()[pri:0, instance:org.example.testRunner.Runners@7cbd213e]" name="tearDownClass" is-config="true" duration-ms="1808" started-at="2022-07-30T23:37:28 EET" finished-at="2022-07-30T23:37:30 EET">
          <reporter-output>
          </reporter-output>
        </test-method> <!-- tearDownClass -->
      </class> <!-- org.example.testRunner.Runners -->
    </test> <!-- Surefire test -->
  </suite> <!-- Surefire suite -->
</testng-results>
